SLURM_JOB_ID: 55988637
SLURM_JOB_USER: vsc34888
SLURM_JOB_ACCOUNT: lp_elect_gen_modeling
SLURM_JOB_NAME: ImpExpInDirNeighbAsSingle
SLURM_CLUSTER_NAME: genius
SLURM_JOB_PARTITION: batch
SLURM_NNODES: 1
SLURM_NODELIST: r25i27n04
SLURM_JOB_CPUS_PER_NODE: 36
Date: Wed Apr 10 10:13:08 CEST 2024
Walltime: 02-00:00:00
========================================================================
Starting runs
Set parameter Username
Set parameter TokenServer to value "SET-S-ME-LM3.luna.kuleuven.be"
Gurobi Optimizer version 9.5.0 build v9.5.0rc5 (linux64)
Thread count: 36 physical cores, 36 logical processors, using up to 32 threads
Optimize a model with 12307911 rows, 17344916 columns and 33143967 nonzeros
Model fingerprint: 0x1da2cd3e
Coefficient statistics:
  Matrix range     [2e-12, 1e+00]
  Objective range  [1e-01, 1e+05]
  Bounds range     [2e-01, 9e+07]
  RHS range        [8e-49, 1e+05]

Concurrent LP optimizer: primal simplex, dual simplex, and barrier
Showing barrier log only...

Presolve removed 7603524 rows and 7328068 columns (presolve time = 7s) ...
Presolve removed 7603524 rows and 8230475 columns (presolve time = 10s) ...
Presolve removed 11033049 rows and 11660000 columns (presolve time = 15s) ...
Presolve removed 11089134 rows and 11716085 columns (presolve time = 21s) ...
Presolve removed 11118566 rows and 11748131 columns (presolve time = 25s) ...
Presolve removed 11118566 rows and 11835545 columns
Presolve time: 31.93s
Presolved: 1189345 rows, 5509371 columns, 9088077 nonzeros

Elapsed ordering time = 11s
Ordering time: 14.51s

Barrier statistics:
 Dense cols : 5
 AA' NZ     : 2.344e+06
 Factor NZ  : 5.225e+07 (roughly 3.0 GB of memory)
 Factor Ops : 9.282e+09 (less than 1 second per iteration)
 Threads    : 30

                  Objective                Residual
Iter       Primal          Dual         Primal    Dual     Compl     Time
   0   9.74496815e+15 -1.30328026e+16  1.21e+09 3.64e-13  1.59e+10    52s
   1   1.98724529e+15 -6.39856127e+15  2.47e+08 2.34e+03  3.58e+09    54s
   2   4.08871612e+14 -3.47733464e+15  4.97e+07 1.18e+03  9.22e+08    56s
   3   3.74161291e+13 -2.18163235e+14  4.10e+06 3.54e+01  6.76e+07    59s
   4   8.69405662e+12 -6.18237492e+13  7.76e+05 4.36e+00  1.37e+07    61s
   5   2.85462591e+12 -2.94072543e+13  2.01e+05 1.50e+00  4.37e+06    63s
   6   9.79846910e+11 -1.12028657e+13  5.47e+04 4.33e-01  1.35e+06    64s
   7   4.66002756e+11 -4.08872395e+12  1.94e+04 1.07e-01  4.64e+05    66s
   8   3.28266735e+11 -1.80643301e+12  1.01e+04 2.51e-02  2.09e+05    68s
   9   2.59941725e+11 -8.20735113e+11  5.96e+03 5.46e-12  1.04e+05    70s
  10   1.86526449e+11 -2.08276037e+11  2.46e+03 1.24e-10  3.72e+04    72s
  11   1.55148407e+11 -7.12045472e+10  1.30e+03 4.22e-10  2.11e+04    73s
  12   1.43995718e+11 -2.41572454e+10  9.70e+02 2.98e-10  1.56e+04    75s
  13   1.31973925e+11  2.69074391e+10  6.39e+02 2.73e-12  9.72e+03    77s
  14   1.21061512e+11  5.22040863e+10  3.63e+02 2.73e-12  6.35e+03    79s
  15   1.14146586e+11  7.74646078e+10  2.11e+02 2.73e-12  3.38e+03    82s
  16   1.11993880e+11  8.60479368e+10  1.68e+02 2.73e-12  2.39e+03    84s
  17   1.11327423e+11  8.87672227e+10  1.55e+02 2.73e-12  2.08e+03    85s
  18   1.11155603e+11  9.04572638e+10  1.52e+02 2.73e-12  1.90e+03    87s
  19   1.09549944e+11  9.18426178e+10  1.23e+02 2.73e-12  1.63e+03    88s
  20   1.07029061e+11  9.34824642e+10  7.63e+01 2.73e-12  1.25e+03    91s
  21   1.05753300e+11  9.73102125e+10  5.29e+01 2.73e-12  7.76e+02    94s
  22   1.04856087e+11  9.88042622e+10  3.71e+01 2.73e-12  5.56e+02    97s
  23   1.04261092e+11  9.93794452e+10  2.68e+01 2.73e-12  4.49e+02   100s
  24   1.03743024e+11  1.00304419e+11  1.76e+01 1.82e-12  3.16e+02   104s
  25   1.03373114e+11  1.01013278e+11  1.12e+01 5.82e-11  2.17e+02   107s
  26   1.03154969e+11  1.01451105e+11  7.40e+00 1.82e-12  1.57e+02   110s
  27   1.03020802e+11  1.01826508e+11  5.17e+00 1.82e-12  1.10e+02   113s
  28   1.02948549e+11  1.01924972e+11  4.00e+00 2.95e-10  9.40e+01   116s
  29   1.02905696e+11  1.02149112e+11  3.29e+00 1.75e-10  6.95e+01   118s
  30   1.02828933e+11  1.02272829e+11  2.08e+00 1.25e-09  5.11e+01   121s
  31   1.02784615e+11  1.02385231e+11  1.41e+00 6.15e-09  3.67e+01   123s
  32   1.02764419e+11  1.02440263e+11  1.11e+00 1.19e-08  2.98e+01   126s
  33   1.02743612e+11  1.02504039e+11  8.14e-01 2.56e-08  2.20e+01   128s
  34   1.02724509e+11  1.02544255e+11  5.56e-01 4.53e-08  1.66e+01   131s
  35   1.02715025e+11  1.02577230e+11  4.36e-01 7.62e-08  1.27e+01   133s
  36   1.02706619e+11  1.02599215e+11  3.33e-01 1.08e-07  9.87e+00   135s
  37   1.02697490e+11  1.02615955e+11  2.25e-01 1.62e-07  7.49e+00   138s
  38   1.02692932e+11  1.02632461e+11  1.74e-01 1.80e-07  5.56e+00   140s
  39   1.02687697e+11  1.02643765e+11  1.18e-01 1.64e-07  4.04e+00   143s
  40   1.02684709e+11  1.02653882e+11  8.68e-02 1.42e-07  2.83e+00   146s
  41   1.02682668e+11  1.02658293e+11  6.66e-02 1.33e-07  2.24e+00   149s
  42   1.02680917e+11  1.02660477e+11  4.95e-02 1.26e-07  1.88e+00   151s
  43   1.02680107e+11  1.02663399e+11  4.13e-02 1.14e-07  1.54e+00   154s
  44   1.02679591e+11  1.02666802e+11  3.61e-02 1.01e-07  1.18e+00   156s
  45   1.02678653e+11  1.02668090e+11  2.78e-02 9.49e-08  9.71e-01   159s
  46   1.02678146e+11  1.02668882e+11  2.25e-02 8.92e-08  8.52e-01   161s
  47   1.02677909e+11  1.02669837e+11  2.06e-02 8.11e-08  7.42e-01   164s
  48   1.02677420e+11  1.02670468e+11  1.57e-02 7.49e-08  6.39e-01   166s
  49   1.02677240e+11  1.02670977e+11  1.43e-02 6.89e-08  5.76e-01   169s
  50   1.02677000e+11  1.02671353e+11  1.20e-02 6.42e-08  5.19e-01   171s
  51   1.02676654e+11  1.02672325e+11  7.11e-03 5.21e-08  3.98e-01   174s
  52   1.02676575e+11  1.02672895e+11  6.68e-03 4.40e-08  3.38e-01   176s
  53   1.02676548e+11  1.02673106e+11  6.48e-03 4.09e-08  3.17e-01   178s
  54   1.02676385e+11  1.02673599e+11  5.19e-03 3.39e-08  2.56e-01   180s
  55   1.02676298e+11  1.02674002e+11  4.14e-03 2.86e-08  2.11e-01   183s
  56   1.02676199e+11  1.02674196e+11  2.90e-03 2.57e-08  1.84e-01   185s
  57   1.02676163e+11  1.02674298e+11  2.65e-03 2.41e-08  1.71e-01   188s
  58   1.02676140e+11  1.02674388e+11  2.48e-03 2.26e-08  1.61e-01   191s
  59   1.02676085e+11  1.02674662e+11  2.23e-03 1.86e-08  1.31e-01   193s
  60   1.02676031e+11  1.02674794e+11  1.79e-03 1.65e-08  1.14e-01   196s
  61   1.02676019e+11  1.02674976e+11  1.71e-03 1.36e-08  9.60e-02   198s
  62   1.02675964e+11  1.02675221e+11  1.56e-03 1.05e-08  6.83e-02   200s
  63   1.02675927e+11  1.02675314e+11  1.36e-03 9.46e-09  5.63e-02   203s
  64   1.02675875e+11  1.02675422e+11  1.02e-03 7.72e-09  4.17e-02   205s
  65   1.02675866e+11  1.02675486e+11  9.41e-04 6.57e-09  3.50e-02   208s
  66   1.02675858e+11  1.02675526e+11  8.66e-04 5.80e-09  3.06e-02   210s
  67   1.02675844e+11  1.02675550e+11  7.16e-04 5.34e-09  2.70e-02   212s
  68   1.02675835e+11  1.02675604e+11  6.25e-04 7.11e-09  2.12e-02   215s
  69   1.02675822e+11  1.02675624e+11  4.70e-04 4.97e-09  1.82e-02   217s
  70   1.02675818e+11  1.02675663e+11  4.15e-04 8.77e-09  1.43e-02   220s
  71   1.02675808e+11  1.02675708e+11  2.99e-04 2.48e-08  9.20e-03   222s
  72   1.02675796e+11  1.02675731e+11  1.44e-04 2.78e-08  5.93e-03   224s
  73   1.02675788e+11  1.02675746e+11  3.03e-05 1.93e-08  3.87e-03   227s
  74   1.02675787e+11  1.02675770e+11  1.75e-05 7.16e-09  1.50e-03   229s
  75   1.02675786e+11  1.02675775e+11  1.09e-05 4.70e-09  9.75e-04   230s
  76   1.02675785e+11  1.02675780e+11  4.91e-06 2.21e-09  4.89e-04   232s
  77   1.02675785e+11  1.02675781e+11  4.11e-06 1.22e-09  3.43e-04   233s
  78   1.02675784e+11  1.02675782e+11  3.59e-07 1.53e-09  2.35e-04   235s
  79   1.02675784e+11  1.02675783e+11  1.17e-07 2.91e-10  1.20e-04   237s
  80   1.02675784e+11  1.02675784e+11  1.53e-07 1.05e-09  2.12e-05   239s
  81   1.02675784e+11  1.02675784e+11  6.89e-07 7.24e-09  3.71e-07   241s
  82   1.02675784e+11  1.02675784e+11  7.62e-07 7.31e-09  3.24e-11   242s

Barrier solved model in 82 iterations and 242.28 seconds (177.92 work units)
Optimal objective 1.02675784e+11

Crossover log...

  128436 DPushes remaining with DInf 0.0000000e+00               244s
   11423 DPushes remaining with DInf 0.0000000e+00               245s
       0 DPushes remaining with DInf 0.0000000e+00               247s
Warning: Markowitz tolerance tightened to 0.5

  499488 PPushes remaining with PInf 0.0000000e+00               247s
  203822 PPushes remaining with PInf 0.0000000e+00               250s
  148461 PPushes remaining with PInf 0.0000000e+00               255s
  106697 PPushes remaining with PInf 0.0000000e+00               260s
   92480 PPushes remaining with PInf 0.0000000e+00               265s
   76433 PPushes remaining with PInf 0.0000000e+00               270s
   58515 PPushes remaining with PInf 0.0000000e+00               276s
   36270 PPushes remaining with PInf 0.0000000e+00               280s
   16141 PPushes remaining with PInf 0.0000000e+00               286s
       0 PPushes remaining with PInf 0.0000000e+00               290s

  Push phase complete: Pinf 0.0000000e+00, Dinf 6.3333334e-02    290s

Iteration    Objective       Primal Inf.    Dual Inf.      Time
  627765    1.0267578e+11   0.000000e+00   6.333333e-02    291s
  627766    1.0267578e+11   0.000000e+00   0.000000e+00    303s

Solved with barrier
Solved in 627766 iterations and 302.94 seconds (289.06 work units)
Optimal objective  1.026757842e+11

User-callback calls 639787, time in user-callback 0.20 sec
Set parameter Username
Set parameter TokenServer to value "SET-S-ME-LM3.luna.kuleuven.be"
Gurobi Optimizer version 9.5.0 build v9.5.0rc5 (linux64)
Thread count: 36 physical cores, 36 logical processors, using up to 32 threads
Optimize a model with 12307911 rows, 17344916 columns and 33143967 nonzeros
Model fingerprint: 0xdd4d1fd1
Coefficient statistics:
  Matrix range     [2e-12, 1e+00]
  Objective range  [1e-01, 1e+05]
  Bounds range     [2e-01, 1e+10]
  RHS range        [8e-49, 1e+05]
Warning: Model contains large bounds
         Consider reformulating model or setting NumericFocus parameter
         to avoid numerical issues.

Concurrent LP optimizer: primal simplex, dual simplex, and barrier
Showing barrier log only...

Presolve removed 7603524 rows and 7328068 columns (presolve time = 7s) ...
Presolve removed 7603524 rows and 8230475 columns (presolve time = 11s) ...
Presolve removed 11089131 rows and 11716082 columns (presolve time = 15s) ...
Presolve removed 11089134 rows and 11716085 columns (presolve time = 21s) ...
Presolve removed 11118483 rows and 11732009 columns (presolve time = 26s) ...
Presolve removed 11118483 rows and 11732009 columns
Presolve time: 31.31s
Presolved: 1189428 rows, 5612907 columns, 9193167 nonzeros

Elapsed ordering time = 13s
Elapsed ordering time = 15s
Ordering time: 16.66s

Barrier statistics:
 Dense cols : 5
 AA' NZ     : 2.345e+06
 Factor NZ  : 5.236e+07 (roughly 3.0 GB of memory)
 Factor Ops : 9.371e+09 (less than 1 second per iteration)
 Threads    : 30

                  Objective                Residual
Iter       Primal          Dual         Primal    Dual     Compl     Time
   0   1.19457061e+18 -4.12387182e+19  1.78e+10 1.36e-12  4.60e+12    53s
   1   2.52901922e+17 -1.68249968e+19  2.43e+09 6.39e+03  1.63e+12    55s
   2   3.98184252e+16 -1.60726204e+18  3.72e+08 7.03e+02  1.62e+11    57s
   3   1.99196302e+15 -5.92475209e+16  1.04e+07 1.86e+01  5.89e+09    60s
   4   8.95722996e+14 -5.16311569e+14  8.82e+05 6.11e-10  1.56e+08    62s
   5   2.86272933e+14 -5.97221156e+13  2.35e+05 1.46e-08  3.81e+07    63s
   6   7.75295004e+13 -2.92133211e+13  6.09e+04 1.98e-08  1.11e+07    65s
   7   1.94313683e+13 -1.26137107e+13  1.50e+04 1.92e-08  3.16e+06    67s
   8   8.99434582e+12 -7.54162559e+12  6.74e+03 1.45e-08  1.59e+06    68s
   9   6.13986573e+12 -5.71159283e+12  4.50e+03 9.55e-09  1.12e+06    70s
  10   4.44845970e+12 -4.63905195e+12  3.18e+03 6.43e-09  8.54e+05    72s
  11   3.45621060e+12 -3.34817917e+12  2.43e+03 4.86e-09  6.35e+05    73s
  12   2.70577372e+12 -2.71823713e+12  1.87e+03 3.61e-09  5.04e+05    76s
  13   2.12046257e+12 -2.07444537e+12  1.43e+03 5.24e-10  3.88e+05    78s
  14   1.36228676e+12 -5.06559520e+11  8.71e+02 1.84e-11  1.71e+05    81s
  15   7.12964412e+11 -1.72077101e+11  4.13e+02 4.66e-10  8.06e+04    84s
  16   3.58583816e+11 -5.05770041e+10  1.73e+02 1.46e-11  3.71e+04    87s
  17   2.21147038e+11 -2.76722285e+09  8.20e+01 1.09e-11  2.03e+04    89s
  18   1.80198044e+11  3.06673430e+10  5.55e+01 1.09e-11  1.35e+04    90s
  19   1.49312929e+11  5.14888339e+10  3.60e+01 1.09e-11  8.84e+03    91s
  20   1.30259049e+11  6.25176387e+10  2.41e+01 9.09e-12  6.12e+03    93s
  21   1.27714279e+11  6.60006446e+10  2.26e+01 8.73e-11  5.57e+03    94s
  22   1.23048465e+11  6.93288264e+10  1.97e+01 1.46e-11  4.85e+03    96s
  23   1.09926236e+11  7.08386362e+10  1.24e+01 2.24e-11  3.53e+03    97s
  24   1.00689623e+11  7.28118132e+10  6.93e+00 6.11e-10  2.52e+03   100s
  25   9.61364719e+10  7.53207350e+10  4.00e+00 2.33e-10  1.88e+03   103s
  26   9.60042028e+10  8.09759955e+10  3.92e+00 9.90e-10  1.36e+03   105s
  27   9.44748322e+10  8.36771586e+10  2.92e+00 1.89e-11  9.74e+02   108s
  28   9.40538321e+10  8.45525542e+10  2.66e+00 1.89e-11  8.57e+02   111s
  29   9.18694259e+10  8.57187529e+10  1.32e+00 1.16e-11  5.55e+02   114s
  30   9.12357125e+10  8.62422124e+10  9.35e-01 1.75e-10  4.50e+02   117s
  31   9.08466914e+10  8.67136809e+10  6.93e-01 5.53e-10  3.73e+02   121s
  32   9.05369774e+10  8.69479277e+10  5.02e-01 4.95e-10  3.24e+02   124s
  33   9.03617393e+10  8.74561500e+10  3.94e-01 2.62e-11  2.62e+02   127s
  34   9.02215207e+10  8.77621779e+10  3.09e-01 1.89e-11  2.22e+02   130s
  35   9.01311623e+10  8.80972361e+10  2.54e-01 1.90e-11  1.83e+02   134s
  36   9.00719300e+10  8.82847768e+10  2.19e-01 4.95e-10  1.61e+02   136s
  37   8.99722309e+10  8.85274994e+10  1.58e-01 1.46e-11  1.30e+02   139s
  38   8.99327047e+10  8.86644164e+10  1.35e-01 2.62e-10  1.14e+02   143s
  39   8.99172117e+10  8.87307899e+10  1.26e-01 4.07e-10  1.07e+02   145s
  40   8.98827526e+10  8.88749712e+10  1.07e-01 1.46e-10  9.09e+01   148s
  41   8.98452669e+10  8.89472006e+10  8.62e-02 1.60e-11  8.10e+01   152s
  42   8.98124176e+10  8.91315188e+10  6.81e-02 2.91e-10  6.14e+01   155s
  43   8.97902961e+10  8.92546699e+10  5.62e-02 2.62e-10  4.83e+01   158s
  44   8.97698059e+10  8.92922760e+10  4.58e-02 1.89e-11  4.31e+01   161s
  45   8.97584827e+10  8.93376263e+10  3.97e-02 4.07e-10  3.80e+01   163s
  46   8.97378525e+10  8.93737380e+10  2.93e-02 2.33e-10  3.28e+01   166s
  47   8.97292841e+10  8.94031586e+10  2.48e-02 1.16e-11  2.94e+01   169s
  48   8.97215537e+10  8.94453889e+10  2.08e-02 1.89e-11  2.49e+01   172s
  49   8.97134834e+10  8.95084951e+10  1.67e-02 1.89e-11  1.85e+01   175s
  50   8.97027536e+10  8.95676937e+10  1.13e-02 1.56e-11  1.22e+01   178s
  51   8.96945589e+10  8.96012404e+10  7.63e-03 4.33e-09  8.42e+00   181s
  52   8.96898163e+10  8.96151874e+10  5.47e-03 8.10e-09  6.73e+00   184s
  53   8.96874418e+10  8.96257042e+10  4.43e-03 1.06e-08  5.57e+00   188s
  54   8.96851683e+10  8.96354839e+10  3.38e-03 1.26e-08  4.48e+00   191s
  55   8.96835988e+10  8.96418251e+10  2.76e-03 1.34e-08  3.77e+00   194s
  56   8.96828772e+10  8.96476358e+10  2.46e-03 1.11e-08  3.18e+00   198s
  57   8.96820236e+10  8.96521858e+10  2.10e-03 9.37e-09  2.69e+00   201s
  58   8.96814548e+10  8.96544700e+10  1.87e-03 8.54e-09  2.43e+00   204s
  59   8.96807481e+10  8.96558392e+10  1.58e-03 7.88e-09  2.25e+00   207s
  60   8.96803693e+10  8.96578267e+10  1.42e-03 7.25e-09  2.03e+00   211s
  61   8.96800156e+10  8.96591725e+10  1.28e-03 6.71e-09  1.88e+00   214s
  62   8.96795393e+10  8.96608163e+10  1.08e-03 6.09e-09  1.69e+00   217s
  63   8.96793545e+10  8.96628933e+10  1.01e-03 5.40e-09  1.49e+00   221s
  64   8.96789377e+10  8.96639437e+10  8.36e-04 5.08e-09  1.35e+00   224s
  65   8.96787469e+10  8.96653257e+10  7.58e-04 4.83e-09  1.21e+00   227s
  66   8.96783439e+10  8.96663774e+10  5.93e-04 4.36e-09  1.08e+00   231s
  67   8.96782204e+10  8.96676371e+10  5.39e-04 3.84e-09  9.55e-01   235s
  68   8.96780884e+10  8.96689413e+10  4.86e-04 3.40e-09  8.25e-01   238s
  69   8.96779346e+10  8.96699686e+10  4.24e-04 3.06e-09  7.19e-01   242s
  70   8.96776984e+10  8.96705465e+10  3.30e-04 2.75e-09  6.45e-01   245s
  71   8.96775189e+10  8.96715975e+10  2.58e-04 2.41e-09  5.34e-01   249s
  72   8.96774002e+10  8.96725115e+10  2.11e-04 1.97e-09  4.41e-01   252s
  73   8.96773371e+10  8.96735336e+10  1.84e-04 1.61e-09  3.43e-01   256s
  74   8.96772278e+10  8.96740715e+10  1.42e-04 1.41e-09  2.85e-01   259s
  75   8.96771677e+10  8.96743744e+10  1.19e-04 1.30e-09  2.52e-01   263s
  76   8.96771390e+10  8.96747604e+10  1.08e-04 1.09e-09  2.15e-01   266s
  77   8.96771089e+10  8.96749829e+10  9.62e-05 1.07e-09  1.92e-01   270s
  78   8.96770974e+10  8.96751507e+10  9.18e-05 9.91e-10  1.76e-01   272s
  79   8.96770437e+10  8.96753109e+10  7.11e-05 9.62e-10  1.56e-01   275s
  80   8.96770119e+10  8.96754843e+10  5.89e-05 1.12e-09  1.38e-01   279s
  81   8.96769857e+10  8.96757891e+10  4.43e-05 8.82e-10  1.08e-01   283s
  82   8.96769445e+10  8.96761994e+10  3.02e-05 5.52e-10  6.72e-02   286s
  83   8.96769334e+10  8.96763253e+10  2.61e-05 4.50e-10  5.49e-02   290s
  84   8.96769036e+10  8.96764865e+10  1.56e-05 5.97e-10  3.76e-02   294s
  85   8.96768819e+10  8.96766196e+10  8.12e-06 6.98e-10  2.37e-02   297s
  86   8.96768751e+10  8.96767299e+10  6.14e-06 2.47e-10  1.31e-02   301s
  87   8.96768685e+10  8.96767528e+10  4.04e-06 1.02e-10  1.04e-02   304s
  88   8.96768652e+10  8.96767758e+10  3.14e-06 7.99e-11  8.06e-03   306s
  89   8.96768637e+10  8.96767833e+10  2.70e-06 1.89e-10  7.25e-03   308s
  90   8.96768622e+10  8.96767882e+10  2.31e-06 3.06e-10  6.68e-03   310s
  91   8.96768591e+10  8.96767972e+10  1.42e-06 1.02e-10  5.58e-03   312s
  92   8.96768588e+10  8.96768023e+10  1.35e-06 1.75e-10  5.10e-03   314s
  93   8.96768587e+10  8.96768038e+10  1.31e-06 2.62e-10  4.95e-03   316s
  94   8.96768583e+10  8.96768135e+10  1.18e-06 1.16e-10  4.04e-03   318s
  95   8.96768581e+10  8.96768324e+10  1.11e-06 4.07e-10  2.31e-03   319s
  96   8.96768571e+10  8.96768475e+10  8.49e-07 2.76e-10  8.64e-04   321s
  97   8.96768569e+10  8.96768484e+10  8.14e-07 1.67e-10  7.68e-04   323s
  98   8.96768552e+10  8.96768507e+10  3.23e-07 3.78e-10  4.02e-04   325s
  99   8.96768552e+10  8.96768522e+10  3.22e-07 1.46e-10  2.63e-04   327s
 100   8.96768541e+10  8.96768534e+10  4.26e-08 3.64e-11  5.66e-05   329s
 101   8.96768539e+10  8.96768539e+10  1.02e-08 6.84e-10  3.66e-06   330s
 102   8.96768539e+10  8.96768539e+10  1.40e-08 4.39e-09  4.56e-09   332s

Barrier solved model in 102 iterations and 332.09 seconds (257.54 work units)
Optimal objective 8.96768539e+10

Crossover log...

  180390 DPushes remaining with DInf 0.0000000e+00               334s
   21747 DPushes remaining with DInf 0.0000000e+00               335s
       0 DPushes remaining with DInf 0.0000000e+00               337s

  465223 PPushes remaining with PInf 3.7356510e-06               338s
  203116 PPushes remaining with PInf 0.0000000e+00               340s
  142821 PPushes remaining with PInf 0.0000000e+00               345s
  110637 PPushes remaining with PInf 0.0000000e+00               351s
  102794 PPushes remaining with PInf 0.0000000e+00               356s
   95902 PPushes remaining with PInf 0.0000000e+00               360s
   90471 PPushes remaining with PInf 0.0000000e+00               365s
   80286 PPushes remaining with PInf 0.0000000e+00               370s
   70188 PPushes remaining with PInf 0.0000000e+00               375s
   59021 PPushes remaining with PInf 0.0000000e+00               380s
   44421 PPushes remaining with PInf 0.0000000e+00               386s
   30210 PPushes remaining with PInf 0.0000000e+00               391s
   17154 PPushes remaining with PInf 0.0000000e+00               396s
    5232 PPushes remaining with PInf 0.0000000e+00               400s
       0 PPushes remaining with PInf 0.0000000e+00               403s

  Push phase complete: Pinf 0.0000000e+00, Dinf 8.5030205e-10    403s

Iteration    Objective       Primal Inf.    Dual Inf.      Time
  638859    8.9676854e+10   0.000000e+00   0.000000e+00    413s

Solved with barrier
Solved in 638859 iterations and 412.79 seconds (459.45 work units)
Optimal objective  8.967685389e+10

User-callback calls 657472, time in user-callback 0.17 sec
Set parameter Username
Set parameter TokenServer to value "SET-S-ME-LM3.luna.kuleuven.be"
Gurobi Optimizer version 9.5.0 build v9.5.0rc5 (linux64)
Thread count: 36 physical cores, 36 logical processors, using up to 32 threads
Optimize a model with 12307911 rows, 17344916 columns and 33143967 nonzeros
Model fingerprint: 0x4dc15bee
Coefficient statistics:
  Matrix range     [2e-12, 1e+00]
  Objective range  [1e-01, 1e+05]
  Bounds range     [2e-01, 1e+10]
  RHS range        [8e-49, 1e+05]
Warning: Model contains large bounds
         Consider reformulating model or setting NumericFocus parameter
         to avoid numerical issues.

Concurrent LP optimizer: primal simplex, dual simplex, and barrier
Showing barrier log only...

Presolve removed 7603524 rows and 7328068 columns (presolve time = 7s) ...
Presolve removed 7603524 rows and 7785165 columns (presolve time = 10s) ...
Presolve removed 9553049 rows and 10180000 columns (presolve time = 15s) ...
Presolve removed 11089134 rows and 11716085 columns (presolve time = 22s) ...
Presolve removed 11118522 rows and 11723912 columns (presolve time = 25s) ...
Presolve removed 11118522 rows and 11745913 columns
Presolve time: 33.06s
Presolved: 1189389 rows, 5599003 columns, 9177976 nonzeros

Elapsed ordering time = 13s
Elapsed ordering time = 15s
Ordering time: 16.79s

Barrier statistics:
 Dense cols : 5
 AA' NZ     : 2.344e+06
 Factor NZ  : 5.206e+07 (roughly 3.0 GB of memory)
 Factor Ops : 9.149e+09 (less than 1 second per iteration)
 Threads    : 30

                  Objective                Residual
Iter       Primal          Dual         Primal    Dual     Compl     Time
   0   8.87314873e+17 -3.05981553e+19  1.33e+10 1.36e-12  3.42e+12    55s
   1   1.83905667e+17 -1.22456618e+19  1.78e+09 6.36e+03  1.20e+12    57s
   2   3.06985549e+16 -1.21932089e+18  2.84e+08 7.18e+02  1.24e+11    59s
   3   1.48630343e+15 -4.33995593e+16  7.74e+06 1.85e+01  4.37e+09    61s
   4   6.73087720e+14 -4.93881307e+14  7.17e+05 3.78e-10  1.32e+08    63s
   5   2.25732492e+14 -4.61452776e+13  1.78e+05 4.28e-09  3.05e+07    65s
   6   5.40145361e+13 -1.92063135e+13  4.15e+04 2.15e-10  7.72e+06    66s
   7   1.32969884e+13 -8.70560813e+12  9.97e+03 1.17e-10  2.17e+06    68s
   8   7.41265895e+12 -6.08560946e+12  5.42e+03 1.57e-09  1.30e+06    69s
   9   4.89995778e+12 -4.62046691e+12  3.49e+03 4.34e-09  9.05e+05    71s
  10   3.91983546e+12 -3.69662165e+12  2.76e+03 4.71e-09  7.19e+05    73s
  11   2.73766825e+12 -2.85553883e+12  1.86e+03 5.94e-09  5.23e+05    74s
  12   1.87754359e+12 -7.88041559e+11  1.23e+03 6.20e-09  2.47e+05    76s
  13   1.20617216e+12 -4.43985945e+11  7.65e+02 3.73e-09  1.52e+05    79s
  14   5.96009387e+11 -2.63695093e+11  3.29e+02 2.33e-09  7.86e+04    81s
  15   4.00630682e+11 -1.78437217e+11  1.95e+02 2.71e-09  5.28e+04    82s
  16   3.33352002e+11 -8.86720186e+10  1.49e+02 1.40e-09  3.84e+04    84s
  17   2.43829737e+11 -5.08720263e+10  8.99e+01 4.07e-10  2.68e+04    85s
  18   1.92096433e+11  1.08459344e+09  5.64e+01 7.28e-10  1.73e+04    86s
  19   1.54509706e+11  3.62040881e+10  3.30e+01 2.91e-10  1.07e+04    88s
  20   1.32158766e+11  6.55294117e+10  1.93e+01 8.73e-11  6.03e+03    91s
  21   1.28943536e+11  7.35528838e+10  1.76e+01 1.46e-11  5.01e+03    93s
  22   1.28118923e+11  7.58776375e+10  1.71e+01 1.46e-11  4.73e+03    94s
  23   1.25601185e+11  7.70511428e+10  1.56e+01 1.46e-11  4.39e+03    96s
  24   1.17003635e+11  7.92095616e+10  1.10e+01 1.09e-11  3.42e+03    98s
  25   1.10273709e+11  7.99285225e+10  7.40e+00 1.16e-11  2.75e+03   100s
  26   1.06942263e+11  8.38873452e+10  5.37e+00 1.38e-11  2.09e+03   104s
  27   1.02432982e+11  8.54455537e+10  2.50e+00 7.86e-10  1.54e+03   107s
  28   1.00523653e+11  9.04076580e+10  1.34e+00 1.98e-11  9.15e+02   110s
  29   9.95651824e+10  9.16345884e+10  7.95e-01 1.16e-10  7.17e+02   114s
  30   9.92076326e+10  9.34384008e+10  5.99e-01 2.10e-11  5.22e+02   116s
  31   9.89010661e+10  9.42604681e+10  4.34e-01 1.36e-11  4.20e+02   118s
  32   9.88075900e+10  9.47324597e+10  3.80e-01 1.68e-11  3.69e+02   120s
  33   9.86877504e+10  9.50531129e+10  3.11e-01 1.50e-11  3.29e+02   121s
  34   9.85788670e+10  9.53934582e+10  2.55e-01 2.91e-11  2.88e+02   122s
  35   9.85060416e+10  9.58616808e+10  2.13e-01 1.33e-11  2.39e+02   124s
  36   9.84606183e+10  9.64525392e+10  1.89e-01 1.66e-09  1.82e+02   127s
  37   9.84003708e+10  9.65935698e+10  1.58e-01 6.69e-10  1.63e+02   130s
  38   9.83640267e+10  9.67258972e+10  1.39e-01 4.66e-10  1.48e+02   132s
  39   9.83254320e+10  9.68265780e+10  1.19e-01 7.28e-10  1.36e+02   135s
  40   9.82952303e+10  9.69285324e+10  1.04e-01 1.43e-09  1.24e+02   137s
  41   9.82809228e+10  9.70001227e+10  9.63e-02 5.82e-10  1.16e+02   140s
  42   9.82706463e+10  9.70161732e+10  9.12e-02 1.40e-09  1.13e+02   142s
  43   9.82414728e+10  9.71674747e+10  7.66e-02 1.51e-09  9.71e+01   144s
  44   9.82223924e+10  9.71905303e+10  6.72e-02 1.31e-09  9.33e+01   147s
  45   9.81982759e+10  9.72771960e+10  5.55e-02 4.66e-10  8.33e+01   149s
  46   9.81811549e+10  9.73634170e+10  4.72e-02 1.48e-09  7.40e+01   152s
  47   9.81688553e+10  9.74244973e+10  4.14e-02 1.64e-11  6.73e+01   154s
  48   9.81601551e+10  9.74393715e+10  3.73e-02 5.82e-11  6.52e+01   156s
  49   9.81496764e+10  9.75083880e+10  3.25e-02 6.40e-10  5.80e+01   159s
  50   9.81375062e+10  9.75316151e+10  2.74e-02 1.08e-09  5.48e+01   161s
  51   9.81318644e+10  9.75601804e+10  2.51e-02 5.53e-10  5.17e+01   164s
  52   9.81297213e+10  9.75709108e+10  2.41e-02 2.91e-11  5.05e+01   166s
  53   9.81271343e+10  9.75975204e+10  2.30e-02 2.91e-10  4.79e+01   169s
  54   9.81243073e+10  9.76047225e+10  2.19e-02 1.08e-09  4.70e+01   171s
  55   9.81224831e+10  9.76210708e+10  2.10e-02 6.11e-10  4.53e+01   173s
  56   9.81162487e+10  9.76710173e+10  1.82e-02 1.89e-11  4.03e+01   176s
  57   9.81132333e+10  9.76991480e+10  1.70e-02 1.89e-11  3.75e+01   178s
  58   9.81101232e+10  9.77192190e+10  1.58e-02 4.37e-10  3.54e+01   181s
  59   9.81089954e+10  9.77228956e+10  1.54e-02 4.07e-10  3.49e+01   183s
  60   9.81056970e+10  9.77385876e+10  1.39e-02 1.89e-11  3.32e+01   185s
  61   9.81024956e+10  9.77770162e+10  1.27e-02 1.75e-10  2.94e+01   188s
  62   9.80991580e+10  9.77937424e+10  1.14e-02 2.91e-11  2.76e+01   191s
  63   9.80968325e+10  9.78087409e+10  1.05e-02 9.60e-10  2.61e+01   194s
  64   9.80939863e+10  9.78435656e+10  9.28e-03 1.16e-10  2.26e+01   196s
  65   9.80887445e+10  9.78486604e+10  7.39e-03 1.46e-10  2.17e+01   199s
  66   9.80863190e+10  9.78560128e+10  6.43e-03 2.25e-11  2.08e+01   201s
  67   9.80852036e+10  9.78645777e+10  6.05e-03 6.11e-10  2.00e+01   204s
  68   9.80840294e+10  9.78750740e+10  5.64e-03 1.68e-11  1.89e+01   207s
  69   9.80822063e+10  9.78845612e+10  4.94e-03 2.10e-11  1.79e+01   210s
  70   9.80810536e+10  9.78915715e+10  4.50e-03 2.57e-11  1.71e+01   213s
  71   9.80799170e+10  9.78985099e+10  4.08e-03 2.91e-11  1.64e+01   215s
  72   9.80784450e+10  9.79053540e+10  3.55e-03 2.36e-11  1.57e+01   218s
  73   9.80757067e+10  9.79165369e+10  2.59e-03 3.49e-10  1.44e+01   221s
  74   9.80743956e+10  9.79326936e+10  2.23e-03 1.46e-10  1.28e+01   224s
  75   9.80736480e+10  9.79430419e+10  2.03e-03 3.78e-10  1.18e+01   227s
  76   9.80732994e+10  9.79457050e+10  1.92e-03 1.75e-10  1.15e+01   230s
  77   9.80729943e+10  9.79485089e+10  1.84e-03 6.40e-10  1.13e+01   233s
  78   9.80727149e+10  9.79499607e+10  1.76e-03 7.28e-10  1.11e+01   236s
  79   9.80717610e+10  9.79523370e+10  1.51e-03 4.95e-10  1.08e+01   238s
  80   9.80713530e+10  9.79645386e+10  1.41e-03 2.62e-10  9.66e+00   241s
  81   9.80708359e+10  9.79670534e+10  1.28e-03 1.46e-10  9.39e+00   244s
  82   9.80704480e+10  9.79700443e+10  1.18e-03 7.28e-10  9.08e+00   248s
  83   9.80698352e+10  9.79748775e+10  1.04e-03 1.25e-09  8.59e+00   250s
  84   9.80693136e+10  9.79801579e+10  8.97e-04 7.86e-10  8.06e+00   253s
  85   9.80690129e+10  9.79894105e+10  8.26e-04 2.62e-11  7.20e+00   256s
  86   9.80688865e+10  9.79935192e+10  7.89e-04 3.20e-10  6.82e+00   258s
  87   9.80682124e+10  9.79970561e+10  6.41e-04 1.89e-11  6.44e+00   262s
  88   9.80676367e+10  9.80010669e+10  5.43e-04 7.28e-10  6.02e+00   265s
  89   9.80674940e+10  9.80025927e+10  5.12e-04 2.04e-10  5.87e+00   268s
  90   9.80673776e+10  9.80048181e+10  4.88e-04 4.64e-11  5.66e+00   271s
  91   9.80672098e+10  9.80083883e+10  4.67e-04 4.25e-11  5.32e+00   274s
  92   9.80668256e+10  9.80122248e+10  3.80e-04 1.89e-11  4.94e+00   278s
  93   9.80666872e+10  9.80136744e+10  3.50e-04 1.89e-11  4.79e+00   281s
  94   9.80665184e+10  9.80189104e+10  3.14e-04 2.62e-11  4.31e+00   285s
  95   9.80664188e+10  9.80195788e+10  2.84e-04 2.04e-10  4.24e+00   288s
  96   9.80663038e+10  9.80232440e+10  2.62e-04 2.18e-11  3.89e+00   292s
  97   9.80661301e+10  9.80258643e+10  2.29e-04 8.73e-11  3.64e+00   295s
  98   9.80660309e+10  9.80277896e+10  2.10e-04 1.89e-11  3.46e+00   299s
  99   9.80659864e+10  9.80288232e+10  1.98e-04 1.75e-11  3.36e+00   301s
 100   9.80659624e+10  9.80299928e+10  1.94e-04 5.53e-10  3.25e+00   304s
 101   9.80658705e+10  9.80329024e+10  1.70e-04 2.62e-10  2.98e+00   308s
 102   9.80657139e+10  9.80348796e+10  1.45e-04 4.66e-10  2.79e+00   311s
 103   9.80656404e+10  9.80353670e+10  1.33e-04 2.18e-11  2.74e+00   315s
 104   9.80656198e+10  9.80364841e+10  1.29e-04 9.90e-10  2.64e+00   318s
 105   9.80655833e+10  9.80383635e+10  1.21e-04 1.75e-10  2.46e+00   321s
 106   9.80655070e+10  9.80392889e+10  1.09e-04 1.89e-11  2.37e+00   324s
 107   9.80654777e+10  9.80429345e+10  1.05e-04 1.46e-11  2.04e+00   328s
 108   9.80653825e+10  9.80447076e+10  9.09e-05 1.75e-10  1.87e+00   331s
 109   9.80653397e+10  9.80449646e+10  8.11e-05 1.89e-11  1.84e+00   334s
 110   9.80653276e+10  9.80455392e+10  7.85e-05 1.89e-11  1.79e+00   337s
 111   9.80652685e+10  9.80466590e+10  6.54e-05 1.75e-10  1.68e+00   340s
 112   9.80652084e+10  9.80485403e+10  5.40e-05 1.89e-11  1.51e+00   344s
 113   9.80651986e+10  9.80499633e+10  5.24e-05 1.89e-11  1.38e+00   347s
 114   9.80651338e+10  9.80514659e+10  4.55e-05 1.59e-11  1.24e+00   351s
 115   9.80650866e+10  9.80529752e+10  4.05e-05 1.75e-10  1.10e+00   354s
 116   9.80650564e+10  9.80531350e+10  3.74e-05 1.89e-11  1.08e+00   358s
 117   9.80650149e+10  9.80540741e+10  3.30e-05 2.62e-10  9.90e-01   361s
 118   9.80649490e+10  9.80554466e+10  2.62e-05 6.69e-10  8.59e-01   365s
 119   9.80648781e+10  9.80564360e+10  1.90e-05 1.51e-11  7.64e-01   368s
 120   9.80648244e+10  9.80570288e+10  1.36e-05 2.12e-11  7.05e-01   372s
 121   9.80648170e+10  9.80594276e+10  1.19e-05 5.53e-10  4.87e-01   375s
 122   9.80647903e+10  9.80597749e+10  9.76e-06 5.82e-10  4.54e-01   379s
 123   9.80647857e+10  9.80602791e+10  9.39e-06 1.89e-11  4.08e-01   382s
 124   9.80647765e+10  9.80607120e+10  8.66e-06 2.91e-10  3.68e-01   386s
 125   9.80647604e+10  9.80616439e+10  6.64e-06 5.45e-11  2.82e-01   389s
 126   9.80647489e+10  9.80623774e+10  5.46e-06 5.41e-11  2.14e-01   392s
 127   9.80647443e+10  9.80627132e+10  5.17e-06 5.30e-11  1.84e-01   395s
 128   9.80647379e+10  9.80628607e+10  4.78e-06 2.91e-10  1.70e-01   398s
 129   9.80647351e+10  9.80630811e+10  4.61e-06 5.23e-11  1.50e-01   402s
 130   9.80647238e+10  9.80631692e+10  3.92e-06 4.52e-11  1.41e-01   405s
 131   9.80647154e+10  9.80633690e+10  3.42e-06 1.75e-10  1.22e-01   409s
 132   9.80646944e+10  9.80635986e+10  2.16e-06 5.72e-11  9.91e-02   412s
 133   9.80646874e+10  9.80637928e+10  1.54e-06 5.14e-11  8.09e-02   416s
 134   9.80646832e+10  9.80640757e+10  9.01e-07 8.90e-11  5.49e-02   419s
 135   9.80646797e+10  9.80641134e+10  7.84e-07 1.75e-09  5.12e-02   422s
 136   9.80646710e+10  9.80644162e+10  4.23e-07 6.82e-11  2.30e-02   425s
 137   9.80646648e+10  9.80645235e+10  2.51e-07 8.39e-11  1.28e-02   428s
 138   9.80646629e+10  9.80645681e+10  1.46e-07 3.64e-10  8.57e-03   431s
 139   9.80646614e+10  9.80646037e+10  1.16e-07 1.87e-10  5.22e-03   433s
 140   9.80646599e+10  9.80646127e+10  8.24e-08 3.49e-10  4.27e-03   435s
 141   9.80646594e+10  9.80646298e+10  7.01e-08 4.95e-10  2.67e-03   437s
 142   9.80646569e+10  9.80646458e+10  2.75e-08 4.80e-10  1.01e-03   439s
 143   9.80646564e+10  9.80646513e+10  1.65e-08 1.64e-10  4.54e-04   442s
 144   9.80646561e+10  9.80646519e+10  1.42e-08 8.73e-10  3.74e-04   445s
 145   9.80646555e+10  9.80646548e+10  4.70e-08 1.67e-10  5.79e-05   446s
 146   9.80646553e+10  9.80646553e+10  7.96e-08 8.95e-10  1.61e-06   448s
 147   9.80646553e+10  9.80646553e+10  4.75e-08 9.09e-09  1.71e-09   450s

Barrier solved model in 147 iterations and 450.25 seconds (333.25 work units)
Optimal objective 9.80646553e+10

Crossover log...

  128372 DPushes remaining with DInf 0.0000000e+00               452s
       0 DPushes remaining with DInf 0.0000000e+00               455s

  456848 PPushes remaining with PInf 1.2346861e-05               455s
  167027 PPushes remaining with PInf 0.0000000e+00               460s
  117009 PPushes remaining with PInf 0.0000000e+00               467s
  106182 PPushes remaining with PInf 0.0000000e+00               470s
   95499 PPushes remaining with PInf 0.0000000e+00               475s
   84689 PPushes remaining with PInf 0.0000000e+00               480s
   73164 PPushes remaining with PInf 0.0000000e+00               485s
   61814 PPushes remaining with PInf 0.0000000e+00               490s
   50843 PPushes remaining with PInf 0.0000000e+00               495s
   37806 PPushes remaining with PInf 0.0000000e+00               500s
   26033 PPushes remaining with PInf 0.0000000e+00               505s
   12161 PPushes remaining with PInf 0.0000000e+00               511s
    1567 PPushes remaining with PInf 0.0000000e+00               515s
       0 PPushes remaining with PInf 0.0000000e+00               516s

  Push phase complete: Pinf 0.0000000e+00, Dinf 3.7530864e-01    517s

Iteration    Objective       Primal Inf.    Dual Inf.      Time
  585154    9.8064655e+10   0.000000e+00   3.753086e-01    517s
  585156    9.8064655e+10   0.000000e+00   0.000000e+00    527s

Solved with barrier
Solved in 585156 iterations and 527.39 seconds (520.29 work units)
Optimal objective  9.806465534e+10

User-callback calls 602946, time in user-callback 0.13 sec
Set parameter Username
Set parameter TokenServer to value "SET-S-ME-LM3.luna.kuleuven.be"
Gurobi Optimizer version 9.5.0 build v9.5.0rc5 (linux64)
Thread count: 36 physical cores, 36 logical processors, using up to 32 threads
Optimize a model with 9600960 rows, 12824645 columns and 24716625 nonzeros
Model fingerprint: 0xbfb6f0f5
Coefficient statistics:
  Matrix range     [2e-12, 1e+00]
  Objective range  [1e-01, 1e+05]
  Bounds range     [2e-01, 7e+04]
  RHS range        [8e-49, 1e+05]

Concurrent LP optimizer: primal simplex, dual simplex, and barrier
Showing barrier log only...

Presolve removed 5623735 rows and 4551143 columns (presolve time = 6s) ...
Presolve removed 5630129 rows and 5530000 columns (presolve time = 11s) ...
Presolve removed 9085766 rows and 8985637 columns (presolve time = 17s) ...
Presolve removed 9115684 rows and 9068770 columns (presolve time = 20s) ...
Presolve removed 9129903 rows and 9274461 columns
Presolve time: 27.54s
Presolved: 471057 rows, 3550184 columns, 5245085 nonzeros

Ordering time: 0.08s

Barrier statistics:
 Dense cols : 5
 AA' NZ     : 8.915e+05
 Factor NZ  : 5.871e+06 (roughly 1.7 GB of memory)
 Factor Ops : 8.441e+07 (less than 1 second per iteration)
 Threads    : 30

                  Objective                Residual
Iter       Primal          Dual         Primal    Dual     Compl     Time
   0   1.70666789e+15 -1.81688539e+14  4.61e+06 2.91e-12  1.29e+10    30s
   1   4.31924568e+14 -1.89325759e+14  7.73e+05 9.07e+03  2.23e+09    31s
   2   4.88581000e+13 -1.78726766e+14  3.73e+04 4.42e+03  1.46e+08    32s
   3   1.26665575e+13 -9.46871845e+13  2.46e+03 7.67e+02  2.32e+07    33s
   4   6.71618457e+12 -2.27178938e+13  1.41e+02 1.53e+02  4.86e+06    34s
   5   3.10071824e+12 -7.55132748e+12  4.37e+01 4.54e+01  1.71e+06    35s
   6   1.33965837e+12 -1.98098169e+12  9.52e+00 1.25e+01  5.21e+05    36s
   7   1.04825698e+12 -5.00264828e+11  4.23e+00 5.28e+00  2.40e+05    37s
   8   8.97138464e+11  9.09881339e+10  1.73e+00 2.65e+00  1.23e+05    39s
   9   8.44178486e+11  5.02058193e+11  9.82e-01 8.75e-01  5.20e+04    40s
  10   7.85601613e+11  6.48081296e+11  2.95e-01 3.17e-01  2.08e+04    41s
  11   7.75485436e+11  6.88180120e+11  2.06e-01 1.95e-01  1.32e+04    41s
  12   7.62654315e+11  7.06500954e+11  9.96e-02 1.43e-01  8.46e+03    43s
  13   7.59361564e+11  7.15086188e+11  7.52e-02 1.10e-01  6.67e+03    43s
  14   7.58211854e+11  7.22301154e+11  6.71e-02 8.33e-02  5.41e+03    45s
  15   7.57788061e+11  7.26413684e+11  6.37e-02 6.90e-02  4.73e+03    45s
  16   7.55683126e+11  7.30593802e+11  4.87e-02 5.63e-02  3.78e+03    47s
  17   7.53461644e+11  7.32784901e+11  3.33e-02 4.97e-02  3.11e+03    48s
  18   7.52304795e+11  7.36493044e+11  2.57e-02 3.71e-02  2.38e+03    50s
  19   7.50967976e+11  7.40224676e+11  1.71e-02 2.47e-02  1.62e+03    52s
  20   7.49532196e+11  7.43458570e+11  8.09e-03 1.38e-02  9.15e+02    54s
  21   7.49043213e+11  7.45313264e+11  5.12e-03 8.42e-03  5.62e+02    56s
  22   7.48725574e+11  7.46249204e+11  3.34e-03 5.67e-03  3.73e+02    57s
  23   7.48558852e+11  7.46419746e+11  2.41e-03 5.15e-03  3.22e+02    58s
  24   7.48409551e+11  7.46942981e+11  1.61e-03 3.54e-03  2.21e+02    59s
  25   7.48331406e+11  7.47233613e+11  1.21e-03 2.64e-03  1.65e+02    60s
  26   7.48254586e+11  7.47445730e+11  8.24e-04 1.98e-03  1.22e+02    61s
  27   7.48202379e+11  7.47589998e+11  5.77e-04 1.53e-03  9.22e+01    62s
  28   7.48159518e+11  7.47691407e+11  3.86e-04 1.20e-03  7.05e+01    63s
  29   7.48132028e+11  7.47789316e+11  2.71e-04 8.88e-04  5.16e+01    63s
  30   7.48115538e+11  7.47846075e+11  2.08e-04 7.02e-04  4.06e+01    64s
  31   7.48107135e+11  7.47877654e+11  1.77e-04 5.97e-04  3.46e+01    65s
  32   7.48094080e+11  7.47934881e+11  1.31e-04 4.08e-04  2.40e+01    66s
  33   7.48084891e+11  7.47960030e+11  1.01e-04 3.23e-04  1.88e+01    68s
  34   7.48075404e+11  7.47981366e+11  7.25e-05 2.43e-04  1.42e+01    69s
  35   7.48066321e+11  7.47997395e+11  4.56e-05 1.85e-04  1.04e+01    71s
  36   7.48061861e+11  7.48009298e+11  3.33e-05 1.44e-04  7.92e+00    72s
  37   7.48055636e+11  7.48019543e+11  1.68e-05 1.05e-04  5.44e+00    74s
  38   7.48052866e+11  7.48030557e+11  9.65e-06 6.41e-05  3.36e+00    75s
  39   7.48050780e+11  7.48034387e+11  4.98e-06 5.03e-05  2.47e+00    77s
  40   7.48049761e+11  7.48039976e+11  2.85e-06 2.89e-05  1.47e+00    78s
  41   7.48049203e+11  7.48043442e+11  1.75e-06 1.63e-05  8.68e-01    79s
  42   7.48049043e+11  7.48043905e+11  1.48e-06 1.47e-05  7.74e-01    79s
  43   7.48048813e+11  7.48044576e+11  1.05e-06 1.23e-05  6.38e-01    80s
  44   7.48048669e+11  7.48044729e+11  8.17e-07 1.18e-05  5.94e-01    81s
  45   7.48048586e+11  7.48046165e+11  6.61e-07 6.68e-06  3.65e-01    82s
  46   7.48048371e+11  7.48046939e+11  2.76e-07 4.02e-06  2.16e-01    83s
  47   7.48048264e+11  7.48047551e+11  3.99e-07 1.96e-06  1.07e-01    83s
  48   7.48048211e+11  7.48047843e+11  3.77e-07 1.00e-06  5.54e-02    84s
  49   7.48048187e+11  7.48047995e+11  1.70e-07 5.26e-07  2.89e-02    85s
  50   7.48048173e+11  7.48048097e+11  1.25e-07 2.03e-07  1.15e-02    86s
  51   7.48048165e+11  7.48048139e+11  1.08e-07 7.14e-08  3.96e-03    87s
  52   7.48048163e+11  7.48048158e+11  2.45e-07 1.29e-08  7.93e-04    87s
  53   7.48048163e+11  7.48048162e+11  2.22e-07 1.37e-09  1.01e-04    88s
  54   7.48048163e+11  7.48048163e+11  1.65e-08 4.95e-10  5.27e-06    89s
  55   7.48048163e+11  7.48048163e+11  6.98e-10 3.57e-09  2.97e-10    90s

Barrier solved model in 55 iterations and 90.00 seconds (59.71 work units)
Optimal objective 7.48048163e+11

Crossover log...

   32023 DPushes remaining with DInf 0.0000000e+00                91s
       0 DPushes remaining with DInf 0.0000000e+00                92s

  108792 PPushes remaining with PInf 0.0000000e+00                92s
       0 PPushes remaining with PInf 0.0000000e+00                93s

  Push phase complete: Pinf 0.0000000e+00, Dinf 1.1112766e-09     93s

Iteration    Objective       Primal Inf.    Dual Inf.      Time
  140608    7.4804816e+11   0.000000e+00   6.182457e+05    101s
Extra simplex iterations after uncrush: 4203
  144811    7.4804816e+11   0.000000e+00   0.000000e+00    104s

Solved with barrier
Solved in 144811 iterations and 103.94 seconds (71.59 work units)
Optimal objective  7.480481628e+11

User-callback calls 148100, time in user-callback 0.02 sec
Set parameter Username
Set parameter TokenServer to value "SET-S-ME-LM3.luna.kuleuven.be"
Gurobi Optimizer version 9.5.0 build v9.5.0rc5 (linux64)
Thread count: 36 physical cores, 36 logical processors, using up to 32 threads
Optimize a model with 9600960 rows, 12824645 columns and 24716625 nonzeros
Model fingerprint: 0x7baae567
Coefficient statistics:
  Matrix range     [2e-12, 1e+00]
  Objective range  [1e-01, 1e+05]
  Bounds range     [2e-01, 1e+10]
  RHS range        [8e-49, 1e+05]
Warning: Model contains large bounds
         Consider reformulating model or setting NumericFocus parameter
         to avoid numerical issues.

Concurrent LP optimizer: primal simplex, dual simplex, and barrier
Showing barrier log only...

Presolve removed 5623735 rows and 4551143 columns (presolve time = 6s) ...
Presolve removed 5630129 rows and 5530000 columns (presolve time = 11s) ...
Presolve removed 9079840 rows and 8979711 columns (presolve time = 17s) ...
Presolve removed 9109187 rows and 9003477 columns (presolve time = 20s) ...
Presolve removed 9117947 rows and 9013153 columns
Presolve time: 25.24s
Presolved: 483013 rows, 3811492 columns, 5599097 nonzeros

Ordering time: 0.09s

Barrier statistics:
 Dense cols : 5
 AA' NZ     : 9.379e+05
 Factor NZ  : 6.323e+06 (roughly 1.8 GB of memory)
 Factor Ops : 9.399e+07 (less than 1 second per iteration)
 Threads    : 30

                  Objective                Residual
Iter       Primal          Dual         Primal    Dual     Compl     Time
   0   1.37786590e+18 -4.07888961e+19  3.62e+08 1.36e-12  6.79e+12    28s
   1   3.32015929e+17 -1.77563533e+19  3.20e+07 7.66e+03  2.59e+12    29s
   2   1.06922858e+17 -3.92361971e+18  1.06e+07 1.68e+03  5.89e+11    30s
   3   6.11518883e+15 -3.85839818e+17  6.30e+05 1.38e+02  5.63e+10    31s
   4   9.40406691e+14 -8.23237602e+13  1.38e+04 1.57e-10  1.77e+08    32s
   5   3.55266838e+13 -5.53562514e+13  9.49e+02 8.92e-10  1.46e+07    33s
   6   1.41910893e+13 -2.27399410e+13  3.04e+02 4.34e-10  5.64e+06    34s
   7   1.00771468e+13 -1.87215469e+13  2.11e+02 3.54e-10  4.33e+06    35s
   8   6.35439151e+12 -1.52159440e+13  1.27e+02 2.81e-10  3.18e+06    37s
   9   4.66970590e+12 -1.31199016e+13  9.04e+01 2.39e-10  2.59e+06    37s
  10   3.16019154e+12 -1.08670615e+13  5.69e+01 1.98e-10  2.02e+06    39s
  11   1.86289754e+12 -3.71460280e+12  3.04e+01 7.86e-11  7.97e+05    40s
  12   5.62247167e+11 -8.44663504e+11  5.86e+00 7.30e-11  1.98e+05    42s
  13   4.12361421e+11 -2.75585740e+11  3.56e+00 7.19e-11  9.66e+04    44s
  14   3.18174867e+11 -5.53540674e+10  2.23e+00 6.43e-11  5.23e+04    45s
  15   2.65909429e+11  6.66631859e+07  1.54e+00 4.98e-11  3.72e+04    46s
  16   2.57023939e+11  3.52560177e+10  1.43e+00 3.52e-11  3.10e+04    47s
  17   2.42403815e+11  7.09848099e+10  1.24e+00 2.93e-11  2.40e+04    48s
  18   2.15336681e+11  7.94486712e+10  9.08e-01 2.93e-11  1.90e+04    49s
  19   1.85112316e+11  8.84530021e+10  5.38e-01 2.91e-11  1.35e+04    50s
  20   1.73139808e+11  1.07631938e+11  3.95e-01 2.76e-11  9.15e+03    51s
  21   1.56914529e+11  1.17465860e+11  2.02e-01 2.18e-11  5.51e+03    53s
  22   1.49797549e+11  1.25693323e+11  1.17e-01 2.21e-11  3.36e+03    55s
  23   1.46400397e+11  1.30167777e+11  7.66e-02 2.21e-11  2.27e+03    57s
  24   1.43877892e+11  1.33801386e+11  4.72e-02 2.80e-11  1.41e+03    58s
  25   1.42225044e+11  1.35351469e+11  2.83e-02 2.91e-11  9.59e+02    59s
  26   1.41503173e+11  1.36643959e+11  2.03e-02 2.18e-11  6.78e+02    60s
  27   1.40816849e+11  1.37584173e+11  1.28e-02 2.18e-11  4.51e+02    61s
  28   1.40469297e+11  1.37953030e+11  9.02e-03 2.18e-11  3.51e+02    61s
  29   1.40115046e+11  1.38640267e+11  5.42e-03 1.96e-11  2.06e+02    62s
  30   1.39829497e+11  1.39122589e+11  2.56e-03 4.95e-10  9.86e+01    63s
  31   1.39701197e+11  1.39236535e+11  1.32e-03 2.33e-10  6.48e+01    64s
  32   1.39638745e+11  1.39357040e+11  7.40e-04 5.68e-10  3.93e+01    65s
  33   1.39613019e+11  1.39439306e+11  5.03e-04 1.91e-09  2.42e+01    66s
  34   1.39598862e+11  1.39487501e+11  3.75e-04 1.16e-09  1.55e+01    67s
  35   1.39587437e+11  1.39514777e+11  2.74e-04 7.42e-10  1.01e+01    68s
  36   1.39581011e+11  1.39530910e+11  2.18e-04 5.02e-10  6.99e+00    68s
  37   1.39572261e+11  1.39541249e+11  1.42e-04 8.73e-10  4.33e+00    69s
  38   1.39566160e+11  1.39546888e+11  9.19e-05 1.83e-09  2.69e+00    70s
  39   1.39561503e+11  1.39549640e+11  5.23e-05 7.64e-10  1.66e+00    71s
  40   1.39558836e+11  1.39551785e+11  3.00e-05 6.98e-10  9.84e-01    72s
  41   1.39556822e+11  1.39552763e+11  1.28e-05 2.84e-10  5.66e-01    73s
  42   1.39555994e+11  1.39554096e+11  6.38e-06 4.95e-10  2.65e-01    74s
  43   1.39555504e+11  1.39554674e+11  2.74e-06 2.04e-10  1.16e-01    75s
  44   1.39555340e+11  1.39554985e+11  1.59e-06 6.98e-10  4.95e-02    75s
  45   1.39555170e+11  1.39555089e+11  4.24e-07 3.78e-10  1.13e-02    76s
  46   1.39555122e+11  1.39555108e+11  3.03e-07 4.51e-10  2.02e-03    77s
  47   1.39555113e+11  1.39555111e+11  7.46e-07 3.13e-10  3.53e-04    78s
  48   1.39555112e+11  1.39555112e+11  1.30e-07 1.19e-09  4.04e-05    79s
  49   1.39555112e+11  1.39555112e+11  6.34e-09 3.46e-09  1.80e-06    80s
  50   1.39555112e+11  1.39555112e+11  1.27e-11 4.97e-09  2.51e-10    81s

Barrier solved model in 50 iterations and 81.18 seconds (52.74 work units)
Optimal objective 1.39555112e+11

Crossover log...

   67674 DPushes remaining with DInf 0.0000000e+00                82s
       0 DPushes remaining with DInf 0.0000000e+00                83s

  189847 PPushes remaining with PInf 0.0000000e+00                83s
       0 PPushes remaining with PInf 0.0000000e+00                84s

  Push phase complete: Pinf 0.0000000e+00, Dinf 6.1688610e-10     84s

Iteration    Objective       Primal Inf.    Dual Inf.      Time
  257524    1.3955511e+11   0.000000e+00   5.192063e+06     91s
Extra simplex iterations after uncrush: 4364
  261888    1.3955511e+11   0.000000e+00   0.000000e+00     94s

Solved with barrier
Solved in 261888 iterations and 94.22 seconds (65.06 work units)
Optimal objective  1.395551116e+11

User-callback calls 265556, time in user-callback 0.04 sec
Set parameter Username
Set parameter TokenServer to value "SET-S-ME-LM3.luna.kuleuven.be"
Gurobi Optimizer version 9.5.0 build v9.5.0rc5 (linux64)
Thread count: 36 physical cores, 36 logical processors, using up to 32 threads
Optimize a model with 9600960 rows, 12824645 columns and 24716625 nonzeros
Model fingerprint: 0x20ba45a0
Coefficient statistics:
  Matrix range     [2e-12, 1e+00]
  Objective range  [1e-01, 1e+05]
  Bounds range     [2e-01, 1e+10]
  RHS range        [8e-49, 1e+05]
Warning: Model contains large bounds
         Consider reformulating model or setting NumericFocus parameter
         to avoid numerical issues.

Concurrent LP optimizer: primal simplex, dual simplex, and barrier
Showing barrier log only...

Presolve removed 5623735 rows and 4551143 columns (presolve time = 5s) ...
Presolve removed 5630129 rows and 5530000 columns (presolve time = 10s) ...
Presolve removed 9079848 rows and 8979719 columns (presolve time = 17s) ...
Presolve removed 9118426 rows and 9016482 columns (presolve time = 21s) ...
Presolve removed 9118426 rows and 9037398 columns
Presolve time: 24.77s
Presolved: 482534 rows, 3787247 columns, 5566652 nonzeros

Ordering time: 0.08s

Barrier statistics:
 Dense cols : 5
 AA' NZ     : 9.338e+05
 Factor NZ  : 6.318e+06 (roughly 1.8 GB of memory)
 Factor Ops : 9.414e+07 (less than 1 second per iteration)
 Threads    : 30

                  Objective                Residual
Iter       Primal          Dual         Primal    Dual     Compl     Time
   0   3.05988786e+18 -1.47074392e+20  9.06e+08 2.99e+04  3.07e+13    28s
   1   9.34472081e+17 -5.69197711e+19  1.12e+08 3.21e+04  9.11e+12    29s
   2   1.83058180e+17 -6.23161533e+18  2.38e+07 3.39e+03  1.09e+12    30s
   3   7.24027484e+15 -5.15133198e+17  8.89e+05 2.58e+02  8.06e+10    31s
   4   1.01704552e+15 -2.41271370e+15  4.98e+04 7.75e-10  8.82e+08    32s
   5   4.04103960e+14 -7.57957807e+13  2.61e+03 1.41e-09  8.73e+07    33s
   6   8.04982365e+13 -2.78005609e+13  4.77e+02 1.60e-09  1.77e+07    34s
   7   5.59043337e+13 -2.26376478e+13  3.27e+02 1.28e-09  1.26e+07    35s
   8   4.16792484e+13 -1.66751574e+13  2.40e+02 8.56e-10  9.16e+06    36s
   9   3.57128197e+13 -1.51742613e+13  2.05e+02 7.68e-10  7.92e+06    37s
  10   2.96917295e+13 -1.14562196e+13  1.69e+02 5.57e-10  6.33e+06    38s
  11   2.36394286e+13 -1.00906667e+13  1.33e+02 4.81e-10  5.14e+06    39s
  12   1.79838480e+13 -5.61564097e+12  1.00e+02 2.41e-10  3.54e+06    41s
  13   1.34796382e+13 -3.55484322e+12  7.65e+01 1.43e-10  2.53e+06    43s
  14   4.27438389e+12 -1.48816555e+12  2.16e+01 7.89e-11  8.35e+05    46s
  15   1.81473328e+12 -4.63375629e+11  7.58e+00 7.89e-11  3.26e+05    48s
  16   1.35238541e+12  2.78573141e+10  5.03e+00 7.28e-11  1.88e+05    49s
  17   1.07920333e+12  1.28429512e+11  3.61e+00 7.28e-11  1.35e+05    50s
  18   9.98783411e+11  1.80736824e+11  3.19e+00 5.82e-11  1.16e+05    51s
  19   8.51774391e+11  2.31387448e+11  2.44e+00 5.82e-11  8.78e+04    52s
  20   6.83544861e+11  2.52064228e+11  1.59e+00 5.82e-11  6.10e+04    53s
  21   6.29441034e+11  2.75508682e+11  1.32e+00 5.82e-11  5.00e+04    54s
  22   6.10343297e+11  3.00232693e+11  1.22e+00 5.82e-11  4.38e+04    55s
  23   5.87256429e+11  3.10971955e+11  1.11e+00 5.82e-11  3.90e+04    56s
  24   5.35341668e+11  3.23751285e+11  8.53e-01 4.37e-11  2.98e+04    56s
  25   4.87532244e+11  3.29709360e+11  6.22e-01 5.82e-11  2.23e+04    57s
  26   4.56802200e+11  3.31159621e+11  4.74e-01 5.82e-11  1.77e+04    58s
  27   4.18282653e+11  3.40018019e+11  3.03e-01 5.82e-11  1.10e+04    59s
  28   3.88272512e+11  3.44063391e+11  1.68e-01 5.82e-11  6.23e+03    61s
  29   3.79912821e+11  3.49963071e+11  1.27e-01 5.82e-11  4.22e+03    63s
  30   3.72590044e+11  3.52740575e+11  9.11e-02 5.82e-11  2.80e+03    64s
  31   3.66746088e+11  3.53470500e+11  6.00e-02 5.82e-11  1.87e+03    65s
  32   3.64265944e+11  3.53912944e+11  4.56e-02 5.82e-11  1.46e+03    66s
  33   3.62906883e+11  3.54380367e+11  3.77e-02 5.82e-11  1.20e+03    67s
  34   3.62098962e+11  3.54836242e+11  3.30e-02 5.82e-11  1.02e+03    68s
  35   3.60592990e+11  3.55207725e+11  2.44e-02 5.82e-11  7.59e+02    69s
  36   3.59031504e+11  3.55565577e+11  1.57e-02 2.91e-11  4.88e+02    70s
  37   3.57675200e+11  3.55760386e+11  8.01e-03 2.91e-11  2.70e+02    72s
  38   3.57119698e+11  3.55898812e+11  4.96e-03 2.91e-11  1.72e+02    73s
  39   3.56795536e+11  3.56001553e+11  3.14e-03 2.91e-11  1.12e+02    74s
  40   3.56618154e+11  3.56068025e+11  2.14e-03 2.91e-11  7.75e+01    75s
  41   3.56492291e+11  3.56110305e+11  1.43e-03 2.91e-11  5.38e+01    76s
  42   3.56399565e+11  3.56136565e+11  9.14e-04 5.82e-11  3.70e+01    77s
  43   3.56356039e+11  3.56158071e+11  6.71e-04 5.82e-11  2.79e+01    78s
  44   3.56303875e+11  3.56185809e+11  3.83e-04 5.82e-11  1.66e+01    79s
  45   3.56280384e+11  3.56206477e+11  2.51e-04 2.91e-11  1.04e+01    80s
  46   3.56258534e+11  3.56215113e+11  1.31e-04 2.91e-11  6.11e+00    82s
  47   3.56248756e+11  3.56222141e+11  7.76e-05 2.62e-11  3.75e+00    83s
  48   3.56243304e+11  3.56227129e+11  4.66e-05 2.39e-11  2.28e+00    83s
  49   3.56239419e+11  3.56229710e+11  2.54e-05 2.62e-11  1.37e+00    84s
  50   3.56237103e+11  3.56230533e+11  1.29e-05 2.62e-11  9.24e-01    85s
  51   3.56235742e+11  3.56232550e+11  6.24e-06 4.66e-10  4.49e-01    86s
  52   3.56235070e+11  3.56233279e+11  3.29e-06 7.57e-10  2.52e-01    87s
  53   3.56234584e+11  3.56233881e+11  2.64e-06 2.04e-10  9.88e-02    88s
  54   3.56234431e+11  3.56234124e+11  1.53e-06 2.55e-10  4.32e-02    88s
  55   3.56234373e+11  3.56234250e+11  7.14e-07 5.24e-10  1.73e-02    89s
  56   3.56234361e+11  3.56234342e+11  3.21e-07 4.07e-10  2.65e-03    90s
  57   3.56234359e+11  3.56234357e+11  6.77e-08 3.78e-10  2.60e-04    91s
  58   3.56234358e+11  3.56234358e+11  1.11e-08 2.47e-10  2.22e-05    92s
  59   3.56234358e+11  3.56234358e+11  1.35e-10 1.85e-08  3.53e-08    93s
  60   3.56234358e+11  3.56234358e+11  1.64e-11 1.82e-08  1.72e-10    94s

Barrier solved model in 60 iterations and 94.24 seconds (62.58 work units)
Optimal objective 3.56234358e+11

Crossover log...

   35165 DPushes remaining with DInf 0.0000000e+00                95s
       0 DPushes remaining with DInf 0.0000000e+00                96s

  126277 PPushes remaining with PInf 0.0000000e+00                96s
       0 PPushes remaining with PInf 0.0000000e+00                97s

  Push phase complete: Pinf 0.0000000e+00, Dinf 1.3626136e-09     97s

Iteration    Objective       Primal Inf.    Dual Inf.      Time
  161389    3.5623436e+11   0.000000e+00   5.896391e+06    103s
Extra simplex iterations after uncrush: 4248
  165637    3.5623436e+11   0.000000e+00   0.000000e+00    107s

Solved with barrier
Solved in 165637 iterations and 106.72 seconds (74.67 work units)
Optimal objective  3.562343581e+11

User-callback calls 169210, time in user-callback 0.02 sec
  Activating project at `/vsc-hard-mounts/leuven-data/348/vsc34888/ImportExportCurves/ImportExport`
  Activating project at `/vsc-hard-mounts/leuven-data/348/vsc34888/ImportExportCurves/ImportExport`
  Activating project at `/vsc-hard-mounts/leuven-data/348/vsc34888/ImportExportCurves/ImportExport`
 Warning: The addition operator has been used on JuMP expressions a large number of times. This warning is safe to ignore but may indicate that model generation is slower than necessary. For performance reasons, you should not add expressions in a loop. Instead of x += y, use add_to_expression!(x,y) to modify x in place. If y is a single variable, you may also use add_to_expression!(x, coef, y) for x += coef*y.
 @ JuMP ~/.julia/packages/JuMP/D44Aq/src/operators.jl:279
Building investment model: 
Dict{Any, Any}("disc_rate" => 0.07, "target_cap_for_curves" => "NA", "transport_price" => 0.1, "geo_scope" => "All", "scenario" => "National Trends", "ValOfLostLoad" => 8000, "Climate_year" => 1984, "Climate_year_ts" => 2012, "country" => "BE00", "year" => 2025, "endtime" => 8760, "simplified" => false, "stepsize" => "NA", "type" => "NTC", "trans_cap_other" => "S")

Building investment model: 
Dict{Any, Any}("disc_rate" => 0.07, "target_cap_for_curves" => "NA", "transport_price" => 0.1, "geo_scope" => "All", "scenario" => "National Trends", "ValOfLostLoad" => 8000, "Climate_year" => 1984, "Climate_year_ts" => 2012, "country" => "BE00", "year" => 2025, "endtime" => 8760, "simplified" => false, "stepsize" => "NA", "type" => "NTC", "trans_cap_other" => 1.0e10)

Building investment model: 
Dict{Any, Any}("disc_rate" => 0.07, "target_cap_for_curves" => "NA", "transport_price" => 0.1, "geo_scope" => "All", "scenario" => "National Trends", "ValOfLostLoad" => 8000, "Climate_year" => 1984, "Climate_year_ts" => 2012, "country" => "BE00", "year" => 2025, "endtime" => 8760, "simplified" => false, "stepsize" => "NA", "type" => "NTC", "trans_cap_other" => ("S", 1.0e10))

Changing capacities of indirect indirect neighbors
Building investment model: 
Dict{Any, Any}("disc_rate" => 0.07, "target_cap_for_curves" => "NA", "transport_price" => 0.1, "geo_scope" => "All", "scenario" => "National Trends", "ValOfLostLoad" => 8000, "Climate_year" => 1984, "Climate_year_ts" => 2012, "country" => "BE00", "year" => 2025, "endtime" => 8760, "simplified" => true, "stepsize" => "NA", "type" => "NTC", "trans_cap_other" => "S")

Building investment model: 
Dict{Any, Any}("disc_rate" => 0.07, "target_cap_for_curves" => "NA", "transport_price" => 0.1, "geo_scope" => "All", "scenario" => "National Trends", "ValOfLostLoad" => 8000, "Climate_year" => 1984, "Climate_year_ts" => 2012, "country" => "BE00", "year" => 2025, "endtime" => 8760, "simplified" => true, "stepsize" => "NA", "type" => "NTC", "trans_cap_other" => 1.0e10)

Building investment model: 
Dict{Any, Any}("disc_rate" => 0.07, "target_cap_for_curves" => "NA", "transport_price" => 0.1, "geo_scope" => "All", "scenario" => "National Trends", "ValOfLostLoad" => 8000, "Climate_year" => 1984, "Climate_year_ts" => 2012, "country" => "BE00", "year" => 2025, "endtime" => 8760, "simplified" => true, "stepsize" => "NA", "type" => "NTC", "trans_cap_other" => ("S", 1.0e10))

Changing capacities of indirect indirect neighbors
21161.092319965363