SLURM_JOB_ID: 56164681
SLURM_JOB_USER: vsc34888
SLURM_JOB_ACCOUNT: lp_elect_gen_modeling
SLURM_JOB_NAME: ImpExpStorHeavy
SLURM_CLUSTER_NAME: genius
SLURM_JOB_PARTITION: batch
SLURM_NNODES: 1
SLURM_NODELIST: r26i13n11
SLURM_JOB_CPUS_PER_NODE: 36
Date: Tue Apr 30 20:18:23 CEST 2024
Walltime: 03-00:00:00
========================================================================
Starting runs
ERROR: SystemError: opening file "/vsc-hard-mounts/leuven-data/348/vsc34888/ImportExportCurves/FullScript_storage_heavy.jl": No such file or directory
Stacktrace:
  [1] systemerror(p::String, errno::Int32; extrainfo::Nothing)
    @ Base ./error.jl:174
  [2] #systemerror#68
    @ ./error.jl:173 [inlined]
  [3] systemerror
    @ ./error.jl:173 [inlined]
  [4] open(fname::String; lock::Bool, read::Nothing, write::Nothing, create::Nothing, truncate::Nothing, append::Nothing)
    @ Base ./iostream.jl:293
  [5] open
    @ ./iostream.jl:282 [inlined]
  [6] open(f::Base.var"#364#365"{String}, args::String; kwargs::Base.Pairs{Symbol, Union{}, Tuple{}, NamedTuple{(), Tuple{}}})
    @ Base ./io.jl:328
  [7] open
    @ ./io.jl:328 [inlined]
  [8] read
    @ ./io.jl:436 [inlined]
  [9] _include(mapexpr::Function, mod::Module, _path::String)
    @ Base ./loading.jl:1249
 [10] include(mod::Module, _path::String)
    @ Base ./Base.jl:418
 [11] exec_options(opts::Base.JLOptions)
    @ Base ./client.jl:292
 [12] _start()
    @ Base ./client.jl:495
